TN:
SF:/Users/balint/S3/OpSys/os3ilv-w23-24-assignment-Taki224/src/gameLogic.c
FN:1267,1316,showCurrentGames
FN:1319,1375,createNewGame
FN:1378,1405,showLeaderboard
FN:1408,1433,parseMessage
FN:1435,1469,printLeaderboard
FN:1472,1481,compare
FN:1484,1521,client
FN:169,214,createNewGameServer
FN:219,275,getGameInfo
FN:24,29,handle_server_sigint
FN:278,297,registerClient
FN:300,319,getLeaderBoard
FN:322,341,joinGame
FN:33,36,handle_server_sigterm
FN:344,382,listWaitingGames
FN:386,423,listGames
FN:40,44,setupForThreads
FN:426,457,makeDecision
FN:460,672,server
FN:47,51,endThreads
FN:55,164,startGameServer
FN:684,692,handle_client_sigint
FN:695,700,handle_client_sigterm
FN:704,712,handle_sigpipe
FN:716,725,commandSender
FN:728,751,readFromServer
FN:755,771,is_valid_id
FN:774,816,showMenu
FN:819,912,displayWaitingRooms
FN:915,1264,displayGame
FNDA:0,showCurrentGames
FNDA:0,createNewGame
FNDA:0,showLeaderboard
FNDA:0,parseMessage
FNDA:0,printLeaderboard
FNDA:0,compare
FNDA:0,client
FNDA:45,createNewGameServer
FNDA:9,getGameInfo
FNDA:0,handle_server_sigint
FNDA:57,registerClient
FNDA:9,getLeaderBoard
FNDA:57,joinGame
FNDA:0,handle_server_sigterm
FNDA:15,listWaitingGames
FNDA:6,listGames
FNDA:0,setupForThreads
FNDA:57,makeDecision
FNDA:0,server
FNDA:0,endThreads
FNDA:27,startGameServer
FNDA:0,handle_client_sigint
FNDA:0,handle_client_sigterm
FNDA:0,handle_sigpipe
FNDA:0,commandSender
FNDA:0,readFromServer
FNDA:9,is_valid_id
FNDA:0,showMenu
FNDA:0,displayWaitingRooms
FNDA:0,displayGame
FNF:30
FNH:10
DA:24,0
DA:26,0
DA:27,0
DA:28,0
DA:29,0
DA:33,0
DA:35,0
DA:36,0
DA:40,0
DA:42,0
DA:43,0
DA:44,0
DA:47,0
DA:49,0
DA:50,0
DA:51,0
DA:55,27
DA:57,27
DA:58,27
DA:59,27
DA:61,27
DA:62,27
DA:64,40
DA:65,40
DA:66,40
DA:68,11
DA:69,11
DA:70,40
DA:71,40
DA:73,27
DA:74,27
DA:75,27
DA:78,27
DA:79,27
DA:80,27
DA:82,45
DA:83,45
DA:84,45
DA:85,45
DA:87,45
DA:89,115
DA:90,115
DA:91,329
DA:93,214
DA:95,84
DA:96,84
DA:97,214
DA:98,115
DA:99,115
DA:102,80
DA:103,80
DA:104,115
DA:105,115
DA:107,45
DA:108,99
DA:110,162
DA:112,108
DA:114,54
DA:116,27
DA:118,27
DA:119,27
DA:120,27
DA:121,54
DA:123,27
DA:125,0
DA:126,0
DA:127,27
DA:128,54
DA:130,0
DA:132,0
DA:133,0
DA:134,0
DA:135,54
DA:136,108
DA:137,54
DA:139,45
DA:142,45
DA:144,45
DA:145,45
DA:147,27
DA:148,27
DA:151,45
DA:153,30
DA:155,30
DA:157,18
DA:158,18
DA:159,18
DA:161,12
DA:162,18
DA:163,27
DA:164,27
DA:169,45
DA:171,45
DA:172,45
DA:173,45
DA:174,45
DA:175,45
DA:176,45
DA:177,45
DA:178,45
DA:179,45
DA:180,270
DA:182,225
DA:184,225
DA:185,225
DA:186,225
DA:187,45
DA:189,45
DA:190,45
DA:192,0
DA:193,0
DA:195,45
DA:198,45
DA:200,0
DA:202,0
DA:203,0
DA:204,0
DA:207,45
DA:208,45
DA:211,45
DA:213,45
DA:214,45
DA:219,9
DA:221,9
DA:222,9
DA:223,9
DA:225,0
DA:226,0
DA:229,9
DA:231,3
DA:232,3
DA:233,3
DA:237,6
DA:240,6
DA:242,18
DA:244,12
DA:245,12
DA:247,6
DA:248,6
DA:249,12
DA:251,6
DA:252,6
DA:253,18
DA:255,12
DA:256,12
DA:258,6
DA:259,6
DA:260,12
DA:262,6
DA:263,12
DA:265,6
DA:266,6
DA:268,0
DA:269,0
DA:270,6
DA:271,6
DA:273,6
DA:274,6
DA:275,9
DA:278,57
DA:281,57
DA:282,105
DA:284,48
DA:286,0
DA:287,0
DA:289,48
DA:291,57
DA:292,57
DA:293,57
DA:294,57
DA:295,57
DA:296,57
DA:297,57
DA:300,9
DA:302,9
DA:303,9
DA:305,0
DA:306,0
DA:308,9
DA:309,9
DA:311,30
DA:314,21
DA:315,21
DA:316,21
DA:317,9
DA:318,9
DA:319,9
DA:322,57
DA:324,57
DA:326,57
DA:328,0
DA:329,0
DA:333,57
DA:334,57
DA:337,57
DA:338,57
DA:339,57
DA:341,57
DA:344,15
DA:346,15
DA:347,15
DA:349,0
DA:350,0
DA:352,15
DA:353,15
DA:354,1515
DA:356,1500
DA:360,12
DA:362,12
DA:364,6
DA:366,6
DA:367,6
DA:369,0
DA:371,12
DA:374,6
DA:375,6
DA:376,6
DA:377,6
DA:378,12
DA:379,1500
DA:380,15
DA:381,15
DA:382,15
DA:386,6
DA:388,6
DA:389,6
DA:391,0
DA:392,0
DA:394,6
DA:395,6
DA:396,606
DA:398,600
DA:401,6
DA:403,6
DA:405,3
DA:407,3
DA:408,3
DA:410,0
DA:412,6
DA:415,3
DA:416,3
DA:417,3
DA:418,3
DA:419,6
DA:420,600
DA:421,6
DA:422,6
DA:423,6
DA:426,57
DA:428,57
DA:430,0
DA:431,0
DA:432,57
DA:433,57
DA:434,57
DA:435,57
DA:437,84
DA:439,84
DA:441,57
DA:442,57
DA:444,27
DA:446,57
DA:447,57
DA:449,0
DA:450,0
DA:452,57
DA:453,57
DA:455,57
DA:456,57
DA:457,57
DA:460,0
DA:463,0
DA:469,0
DA:471,0
DA:473,0
DA:474,0
DA:476,0
DA:479,0
DA:480,0
DA:483,0
DA:486,0
DA:487,0
DA:489,0
DA:492,0
DA:494,0
DA:496,0
DA:498,0
DA:500,0
DA:501,0
DA:504,0
DA:509,0
DA:510,0
DA:511,0
DA:512,0
DA:513,0
DA:514,0
DA:515,0
DA:520,0
DA:524,0
DA:525,0
DA:527,0
DA:528,0
DA:529,0
DA:530,0
DA:531,0
DA:532,0
DA:533,0
DA:536,0
DA:537,0
DA:539,0
DA:541,0
DA:542,0
DA:543,0
DA:545,0
DA:546,0
DA:548,0
DA:549,0
DA:550,0
DA:551,0
DA:552,0
DA:553,0
DA:554,0
DA:555,0
DA:558,0
DA:561,0
DA:562,0
DA:563,0
DA:564,0
DA:565,0
DA:566,0
DA:567,0
DA:568,0
DA:569,0
DA:572,0
DA:573,0
DA:575,0
DA:577,0
DA:579,0
DA:582,0
DA:584,0
DA:585,0
DA:588,0
DA:592,0
DA:593,0
DA:594,0
DA:595,0
DA:596,0
DA:597,0
DA:598,0
DA:599,0
DA:600,0
DA:601,0
DA:604,0
DA:607,0
DA:608,0
DA:609,0
DA:610,0
DA:611,0
DA:612,0
DA:613,0
DA:614,0
DA:615,0
DA:618,0
DA:619,0
DA:621,0
DA:623,0
DA:624,0
DA:626,0
DA:627,0
DA:629,0
DA:631,0
DA:634,0
DA:636,0
DA:638,0
DA:639,0
DA:642,0
DA:644,0
DA:645,0
DA:648,0
DA:649,0
DA:650,0
DA:651,0
DA:652,0
DA:653,0
DA:654,0
DA:655,0
DA:656,0
DA:657,0
DA:660,0
DA:661,0
DA:663,0
DA:665,0
DA:666,0
DA:667,0
DA:668,0
DA:669,0
DA:670,0
DA:672,0
DA:684,0
DA:686,0
DA:687,0
DA:688,0
DA:689,0
DA:690,0
DA:691,0
DA:692,0
DA:695,0
DA:697,0
DA:698,0
DA:699,0
DA:700,0
DA:704,0
DA:706,0
DA:707,0
DA:708,0
DA:709,0
DA:710,0
DA:711,0
DA:712,0
DA:716,0
DA:721,0
DA:724,0
DA:725,0
DA:728,0
DA:732,0
DA:733,0
DA:735,0
DA:736,0
DA:741,0
DA:744,0
DA:745,0
DA:748,0
DA:749,0
DA:750,0
DA:751,0
DA:755,9
DA:758,9
DA:760,3
DA:762,27
DA:764,21
DA:766,0
DA:768,21
DA:770,6
DA:771,9
DA:774,0
DA:776,0
DA:777,0
DA:778,0
DA:779,0
DA:780,0
DA:781,0
DA:782,0
DA:783,0
DA:784,0
DA:785,0
DA:788,0
DA:790,0
DA:793,0
DA:794,0
DA:795,0
DA:797,0
DA:798,0
DA:799,0
DA:801,0
DA:802,0
DA:803,0
DA:805,0
DA:806,0
DA:807,0
DA:809,0
DA:810,0
DA:811,0
DA:813,0
DA:815,0
DA:816,0
DA:819,0
DA:821,0
DA:822,0
DA:824,0
DA:826,0
DA:828,0
DA:830,0
DA:832,0
DA:833,0
DA:835,0
DA:836,0
DA:837,0
DA:840,0
DA:842,0
DA:843,0
DA:844,0
DA:845,0
DA:848,0
DA:851,0
DA:853,0
DA:854,0
DA:857,0
DA:860,0
DA:862,0
DA:863,0
DA:864,0
DA:865,0
DA:867,0
DA:868,0
DA:869,0
DA:870,0
DA:871,0
DA:872,0
DA:873,0
DA:874,0
DA:875,0
DA:876,0
DA:877,0
DA:879,0
DA:880,0
DA:882,0
DA:883,0
DA:884,0
DA:885,0
DA:887,0
DA:890,0
DA:891,0
DA:892,0
DA:893,0
DA:896,0
DA:898,0
DA:899,0
DA:900,0
DA:901,0
DA:902,0
DA:903,0
DA:905,0
DA:906,0
DA:907,0
DA:908,0
DA:909,0
DA:910,0
DA:911,0
DA:912,0
DA:915,0
DA:917,0
DA:918,0
DA:921,0
DA:922,0
DA:923,0
DA:925,0
DA:927,0
DA:928,0
DA:929,0
DA:930,0
DA:931,0
DA:932,0
DA:933,0
DA:934,0
DA:935,0
DA:937,0
DA:938,0
DA:940,0
DA:941,0
DA:942,0
DA:943,0
DA:945,0
DA:946,0
DA:947,0
DA:948,0
DA:949,0
DA:953,0
DA:954,0
DA:956,0
DA:957,0
DA:966,0
DA:967,0
DA:968,0
DA:971,0
DA:973,0
DA:975,0
DA:976,0
DA:979,0
DA:981,0
DA:982,0
DA:985,0
DA:986,0
DA:987,0
DA:988,0
DA:991,0
DA:993,0
DA:995,0
DA:996,0
DA:999,0
DA:1001,0
DA:1002,0
DA:1005,0
DA:1007,0
DA:1009,0
DA:1010,0
DA:1013,0
DA:1015,0
DA:1016,0
DA:1017,0
DA:1018,0
DA:1023,0
DA:1026,0
DA:1027,0
DA:1029,0
DA:1030,0
DA:1031,0
DA:1033,0
DA:1036,0
DA:1037,0
DA:1038,0
DA:1040,0
DA:1042,0
DA:1043,0
DA:1044,0
DA:1045,0
DA:1047,0
DA:1049,0
DA:1051,0
DA:1053,0
DA:1055,0
DA:1056,0
DA:1059,0
DA:1061,0
DA:1062,0
DA:1063,0
DA:1066,0
DA:1067,0
DA:1068,0
DA:1070,0
DA:1071,0
DA:1072,0
DA:1075,0
DA:1078,0
DA:1079,0
DA:1081,0
DA:1083,0
DA:1084,0
DA:1085,0
DA:1087,0
DA:1088,0
DA:1090,0
DA:1092,0
DA:1093,0
DA:1094,0
DA:1095,0
DA:1097,0
DA:1099,0
DA:1100,0
DA:1101,0
DA:1103,0
DA:1104,0
DA:1105,0
DA:1106,0
DA:1107,0
DA:1110,0
DA:1111,0
DA:1112,0
DA:1113,0
DA:1115,0
DA:1117,0
DA:1119,0
DA:1120,0
DA:1121,0
DA:1122,0
DA:1123,0
DA:1127,0
DA:1129,0
DA:1130,0
DA:1131,0
DA:1133,0
DA:1135,0
DA:1136,0
DA:1137,0
DA:1138,0
DA:1140,0
DA:1142,0
DA:1144,0
DA:1146,0
DA:1148,0
DA:1149,0
DA:1152,0
DA:1154,0
DA:1155,0
DA:1156,0
DA:1159,0
DA:1160,0
DA:1161,0
DA:1163,0
DA:1164,0
DA:1165,0
DA:1168,0
DA:1169,0
DA:1171,0
DA:1173,0
DA:1175,0
DA:1176,0
DA:1178,0
DA:1179,0
DA:1180,0
DA:1183,0
DA:1184,0
DA:1185,0
DA:1186,0
DA:1187,0
DA:1190,0
DA:1191,0
DA:1193,0
DA:1194,0
DA:1196,0
DA:1197,0
DA:1198,0
DA:1199,0
DA:1202,0
DA:1203,0
DA:1204,0
DA:1205,0
DA:1206,0
DA:1208,0
DA:1209,0
DA:1210,0
DA:1211,0
DA:1216,0
DA:1217,0
DA:1219,0
DA:1221,0
DA:1222,0
DA:1224,0
DA:1225,0
DA:1227,0
DA:1229,0
DA:1230,0
DA:1231,0
DA:1233,0
DA:1234,0
DA:1235,0
DA:1237,0
DA:1238,0
DA:1241,0
DA:1242,0
DA:1243,0
DA:1246,0
DA:1247,0
DA:1249,0
DA:1250,0
DA:1253,0
DA:1254,0
DA:1255,0
DA:1256,0
DA:1259,0
DA:1260,0
DA:1261,0
DA:1262,0
DA:1264,0
DA:1267,0
DA:1269,0
DA:1270,0
DA:1271,0
DA:1272,0
DA:1273,0
DA:1275,0
DA:1277,0
DA:1278,0
DA:1280,0
DA:1281,0
DA:1282,0
DA:1284,0
DA:1286,0
DA:1287,0
DA:1288,0
DA:1289,0
DA:1291,0
DA:1292,0
DA:1293,0
DA:1294,0
DA:1295,0
DA:1296,0
DA:1297,0
DA:1298,0
DA:1299,0
DA:1301,0
DA:1302,0
DA:1304,0
DA:1305,0
DA:1306,0
DA:1307,0
DA:1310,0
DA:1312,0
DA:1313,0
DA:1314,0
DA:1315,0
DA:1316,0
DA:1319,0
DA:1321,0
DA:1322,0
DA:1323,0
DA:1324,0
DA:1325,0
DA:1326,0
DA:1327,0
DA:1328,0
DA:1329,0
DA:1330,0
DA:1332,0
DA:1334,0
DA:1337,0
DA:1339,0
DA:1340,0
DA:1341,0
DA:1344,0
DA:1345,0
DA:1347,0
DA:1349,0
DA:1351,0
DA:1352,0
DA:1353,0
DA:1354,0
DA:1355,0
DA:1356,0
DA:1357,0
DA:1358,0
DA:1360,0
DA:1362,0
DA:1364,0
DA:1365,0
DA:1366,0
DA:1367,0
DA:1368,0
DA:1369,0
DA:1370,0
DA:1371,0
DA:1372,0
DA:1373,0
DA:1374,0
DA:1375,0
DA:1378,0
DA:1381,0
DA:1382,0
DA:1383,0
DA:1384,0
DA:1385,0
DA:1387,0
DA:1388,0
DA:1390,0
DA:1391,0
DA:1392,0
DA:1394,0
DA:1395,0
DA:1398,0
DA:1399,0
DA:1400,0
DA:1402,0
DA:1404,0
DA:1405,0
DA:1408,0
DA:1411,0
DA:1414,0
DA:1415,0
DA:1417,0
DA:1418,0
DA:1419,0
DA:1421,0
DA:1422,0
DA:1423,0
DA:1425,0
DA:1427,0
DA:1430,0
DA:1431,0
DA:1432,0
DA:1433,0
DA:1435,0
DA:1438,0
DA:1440,0
DA:1441,0
DA:1442,0
DA:1444,0
DA:1446,0
DA:1448,0
DA:1449,0
DA:1450,0
DA:1452,0
DA:1454,0
DA:1456,0
DA:1458,0
DA:1459,0
DA:1460,0
DA:1461,0
DA:1462,0
DA:1464,0
DA:1465,0
DA:1466,0
DA:1467,0
DA:1468,0
DA:1469,0
DA:1472,0
DA:1474,0
DA:1475,0
DA:1477,0
DA:1478,0
DA:1480,0
DA:1481,0
DA:1484,0
DA:1487,0
DA:1488,0
DA:1489,0
DA:1490,0
DA:1492,0
DA:1493,0
DA:1495,0
DA:1496,0
DA:1497,0
DA:1500,0
DA:1501,0
DA:1503,0
DA:1504,0
DA:1506,0
DA:1507,0
DA:1508,0
DA:1509,0
DA:1513,0
DA:1514,0
DA:1515,0
DA:1516,0
DA:1517,0
DA:1518,0
DA:1519,0
DA:1521,0
LF:926
LH:230
end_of_record
